** 2023-10-13 00:41:27,336 ERROR Internal Server Error: /news/ /home/marat/PycharmProjects/Module_D/D8_NewsPaper/venv/lib/python3.10/site-packages/django/utils/log.py (<class 'django.template.exceptions.TemplateSyntaxError'>, TemplateSyntaxError("Invalid block tag on line 7: 'blok'. Did you forget to register or load this tag?"), <traceback object at 0x7f1d8e4f3640>)
Traceback (most recent call last):
  File "/home/marat/PycharmProjects/Module_D/D8_NewsPaper/venv/lib/python3.10/site-packages/django/template/base.py", line 505, in parse
    compile_func = self.tags[command]
KeyError: 'blok'

During handling of the above exception, another exception occurred:

Traceback (most recent call last):
  File "/home/marat/PycharmProjects/Module_D/D8_NewsPaper/venv/lib/python3.10/site-packages/django/core/handlers/exception.py", line 55, in inner
    response = get_response(request)
  File "/home/marat/PycharmProjects/Module_D/D8_NewsPaper/venv/lib/python3.10/site-packages/django/core/handlers/base.py", line 220, in _get_response
    response = response.render()
  File "/home/marat/PycharmProjects/Module_D/D8_NewsPaper/venv/lib/python3.10/site-packages/django/template/response.py", line 114, in render
    self.content = self.rendered_content
  File "/home/marat/PycharmProjects/Module_D/D8_NewsPaper/venv/lib/python3.10/site-packages/django/template/response.py", line 90, in rendered_content
    template = self.resolve_template(self.template_name)
  File "/home/marat/PycharmProjects/Module_D/D8_NewsPaper/venv/lib/python3.10/site-packages/django/template/response.py", line 72, in resolve_template
    return select_template(template, using=self.using)
  File "/home/marat/PycharmProjects/Module_D/D8_NewsPaper/venv/lib/python3.10/site-packages/django/template/loader.py", line 42, in select_template
    return engine.get_template(template_name)
  File "/home/marat/PycharmProjects/Module_D/D8_NewsPaper/venv/lib/python3.10/site-packages/django/template/backends/django.py", line 33, in get_template
    return Template(self.engine.get_template(template_name), self)
  File "/home/marat/PycharmProjects/Module_D/D8_NewsPaper/venv/lib/python3.10/site-packages/django/template/engine.py", line 175, in get_template
    template, origin = self.find_template(template_name)
  File "/home/marat/PycharmProjects/Module_D/D8_NewsPaper/venv/lib/python3.10/site-packages/django/template/engine.py", line 157, in find_template
    template = loader.get_template(name, skip=skip)
  File "/home/marat/PycharmProjects/Module_D/D8_NewsPaper/venv/lib/python3.10/site-packages/django/template/loaders/cached.py", line 57, in get_template
    template = super().get_template(template_name, skip)
  File "/home/marat/PycharmProjects/Module_D/D8_NewsPaper/venv/lib/python3.10/site-packages/django/template/loaders/base.py", line 28, in get_template
    return Template(
  File "/home/marat/PycharmProjects/Module_D/D8_NewsPaper/venv/lib/python3.10/site-packages/django/template/base.py", line 154, in __init__
    self.nodelist = self.compile_nodelist()
  File "/home/marat/PycharmProjects/Module_D/D8_NewsPaper/venv/lib/python3.10/site-packages/django/template/base.py", line 200, in compile_nodelist
    return parser.parse()
  File "/home/marat/PycharmProjects/Module_D/D8_NewsPaper/venv/lib/python3.10/site-packages/django/template/base.py", line 513, in parse
    raise self.error(token, e)
  File "/home/marat/PycharmProjects/Module_D/D8_NewsPaper/venv/lib/python3.10/site-packages/django/template/base.py", line 511, in parse
    compiled_result = compile_func(self, token)
  File "/home/marat/PycharmProjects/Module_D/D8_NewsPaper/venv/lib/python3.10/site-packages/django/template/loader_tags.py", line 293, in do_extends
    nodelist = parser.parse()
  File "/home/marat/PycharmProjects/Module_D/D8_NewsPaper/venv/lib/python3.10/site-packages/django/template/base.py", line 507, in parse
    self.invalid_block_tag(token, command, parse_until)
  File "/home/marat/PycharmProjects/Module_D/D8_NewsPaper/venv/lib/python3.10/site-packages/django/template/base.py", line 568, in invalid_block_tag
    raise self.error(
django.template.exceptions.TemplateSyntaxError: Invalid block tag on line 7: 'blok'. Did you forget to register or load this tag?
** 2023-10-13 00:41:27,340 ERROR "GET /news/ HTTP/1.1" 500 197214 /home/marat/PycharmProjects/Module_D/D8_NewsPaper/venv/lib/python3.10/site-packages/django/core/servers/basehttp.py None
** 2023-10-13 01:26:42,647 ERROR "GET /news/ HTTP/1.1" 500 59 /home/marat/PycharmProjects/Module_D/D8_NewsPaper/venv/lib/python3.10/site-packages/django/core/servers/basehttp.py None
